Arguments: 
  D:\Program Files\nodejs\node.exe C:\Users\limax\AppData\Roaming\npm\node_modules\yarn\bin\yarn.js add express --save

PATH: 
  D:\Program Files\ConEmu\ConEmu\Scripts;D:\Program Files\ConEmu;D:\Program Files\ConEmu\ConEmu;C:\Program Files (x86)\Common Files\Oracle\Java\javapath;C:\WINDOWS\system32;C:\WINDOWS;C:\WINDOWS\System32\Wbem;C:\WINDOWS\System32\WindowsPowerShell\v1.0\;D:\Program Files\nodejs\;D:\Program Files (x86)\Microsoft VS Code\bin;D:\Program Files\Java\jdk1.8.0_211\bin;C:\Users\limax\AppData\Local\Android\Sdk\tools\bin;C:\Users\limax\AppData\Local\Android\Sdk\platform-tools;D:\Program Files\gradle-5.4.1\bin;C:\WINDOWS\System32\OpenSSH\;D:\Program Files\Git\bin;C:\Users\limax\AppData\Local\Programs\Python\Python38\Scripts\;C:\Users\limax\AppData\Local\Programs\Python\Python38\;C:\Users\limax\AppData\Local\Microsoft\WindowsApps;C:\Users\limax\AppData\Roaming\npm;C:\Users\limax\AppData\Local\BypassRuntm

Yarn version: 
  1.22.4

Node version: 
  10.15.3

Platform: 
  win32 x64

Trace: 
  SyntaxError: D:\MyProjects\github\out\Blog\utilwork.github.io\package.json: Unexpected end of JSON input
      at JSON.parse (<anonymous>)
      at C:\Users\limax\AppData\Roaming\npm\node_modules\yarn\lib\cli.js:1625:59
      at Generator.next (<anonymous>)
      at step (C:\Users\limax\AppData\Roaming\npm\node_modules\yarn\lib\cli.js:310:30)
      at C:\Users\limax\AppData\Roaming\npm\node_modules\yarn\lib\cli.js:321:13

npm manifest: 
  

yarn manifest: 
  No manifest

Lockfile: 
  No lockfile
